[elarasecho.com/index.html]
[backblue.gif]
[fade.gif]
[index.html]
[elarasecho.com/png/elaras.png]
[elarasecho.com/png/icon.png]
[assets-global.website-files.com/60e4d43b631f7b26802e31de/css/no-more-rainbows.webflow.9d141b059.css]
[ajax.googleapis.com/ajax/libs/webfont/1.6.26/webfont.js]
[www.google-analytics.com/analytics.js]
[elarasecho.com/trailer/1.mp4]
[elarasecho.com/png/readyy.png]
[elarasecho.com/png/jungle.png]
[elarasecho.com/png/nature.png]
[elarasecho.com/png/ss.png]
[elarasecho.com/png/ss2.png]
[elarasecho.com/png/ss3.png]
[elarasecho.com/png/ss4.png]
[elarasecho.com/png/ss5.png]
[elarasecho.com/png/ss6.png]
[d3e54v103j8qbb.cloudfront.net/js/jquery-3.5.1.min.dc5e7f18c819bb.js]
[elarasecho.com/index.html]
[assets-global.website-files.com/60e4d43b631f7b26802e31de/js/webflow.0f6aa9921.js]
[assets-global.website-files.com/60e4d43b631f7b26802e31de/644704023a1a213bfafa8c1e_Hero Texture.png]
[assets-global.website-files.com/60e4d43b631f7b26802e31de/6446f1605684dd7f2b93e287_ScreenShot Arbre.png]
[assets-global.website-files.com/60e4d43b631f7b26802e31de/6446f30fefa77418c64f43f3_screen_shot_monde_03_No_logo_02.png]
[assets-global.website-files.com/60e4d43b631f7b26802e31de/6447125ffee7a6eab20332d8_Team Picture.png]
[assets-global.website-files.com/60e4d43b631f7b26802e31de/64472dab7a680995ab8ff533_screen_shot_TUTO_01 croped.png]
[assets-global.website-files.com/60e4d43b631f7b26802e31de/6446f0b16b0fa015a31c8584_ScreenShot 1.png]
[assets-global.website-files.com/60e4d43b631f7b26802e31de/63053e28ffbc96765cb2510f_screen_shot_monde_01_04_NO_LOGO_REVERSED.png]
[assets-global.website-files.com/60e4d43b631f7b26802e31de/6447dc01214c96194268a22d_NMR_Cover.png]
[assets-global.website-files.com/60e4d43b631f7b26802e31de/css/no-more-rainbows.webflow.9d141b059.css]
